<?xml version="1.0" encoding="UTF-8"?>
<testsuite xmlns:xsi="http://www.w3.org/2001/XMLSchema-instance" xsi:noNamespaceSchemaLocation="https://maven.apache.org/surefire/maven-surefire-plugin/xsd/surefire-test-report.xsd" name="com.cucumber.runner.TestRunner" time="14.523" tests="12" errors="0" skipped="0" failures="0">
  <properties>
[...]
</properties>
  <testcase name="Given Application is open" classname="Scenario: Valid Login" time="0.001"/>
  <testcase name="When entered valid username as ajaykdasari@ymail.com and password as Waterf@11" classname="Scenario: Valid Login" time="0.001"/>
  <testcase name="Then homepage is displayed" classname="Scenario: Valid Login" time="0.001"/>
  <testcase name="Scenario: Valid Login" classname="Scenario: Valid Login" time="0.001"/>
  <testcase name="Given Application is open" classname="Scenario: Invalid login with incorrect username" time="0"/>
  <testcase name="When entered incorrect username as ajaydasari@ymail.com and correct password as Waterf@11" classname="Scenario: Invalid login with incorrect username" time="0"/>
  <testcase name="Then login is failed" classname="Scenario: Invalid login with incorrect username" time="0"/>
  <testcase name="Scenario: Invalid login with incorrect username" classname="Scenario: Invalid login with incorrect username" time="0"/>
  <testcase name="Given Application is open" classname="Scenario: Invalid login with incorrect password" time="0"/>
  <testcase name="When entered correct username as ajaykdasari@ymail.com and incorrect password as Water@11" classname="Scenario: Invalid login with incorrect password" time="0"/>
  <testcase name="Then login is failed" classname="Scenario: Invalid login with incorrect password" time="0"/>
  <testcase name="Scenario: Invalid login with incorrect password" classname="Scenario: Invalid login with incorrect password" time="0"/>
</testsuite>